\BOOKMARK [-1][-]{part.2}{I Geschichte}{}% 1
\BOOKMARK [0][-]{chapter*.3}{Die Dunkle Zeit}{part.2}% 2
\BOOKMARK [1][-]{section*.4}{Die Weltbauer}{chapter*.3}% 3
\BOOKMARK [1][-]{section*.5}{Der gro\337e Streit}{chapter*.3}% 4
\BOOKMARK [2][-]{section*.6}{Die Hundertj\344hrige Stadt}{section*.5}% 5
\BOOKMARK [1][-]{section*.7}{Neue G\366tter}{chapter*.3}% 6
\BOOKMARK [1][-]{section*.8}{Die G\366tterkriege}{chapter*.3}% 7
\BOOKMARK [2][-]{section*.9}{Der Aufstieg der Elfen}{section*.8}% 8
\BOOKMARK [2][-]{section*.10}{W\344hrenddessen bei den anderen V\366lkern}{section*.8}% 9
\BOOKMARK [1][-]{section*.11}{Die ersten Manakriege}{chapter*.3}% 10
\BOOKMARK [1][-]{section*.12}{Die Sch\366pfungsk\344mpfe}{chapter*.3}% 11
\BOOKMARK [1][-]{section*.13}{Die Gegenwelt}{chapter*.3}% 12
\BOOKMARK [2][-]{section*.14}{Vorgeschichte}{section*.13}% 13
\BOOKMARK [2][-]{section*.15}{Die Ankunft des Pantheon in der Gegenwelt}{section*.13}% 14
\BOOKMARK [2][-]{section*.16}{Erster Kontakt}{section*.13}% 15
\BOOKMARK [2][-]{section*.17}{Der Erste Gegenweltkriege}{section*.13}% 16
\BOOKMARK [2][-]{section*.18}{Der Fall der gro\337en Barriere}{section*.13}% 17
\BOOKMARK [2][-]{section*.19}{Der zweite Gegenweltkrieg}{section*.13}% 18
\BOOKMARK [1][-]{section*.20}{Der zweiten Manakriege}{chapter*.3}% 19
\BOOKMARK [0][-]{chapter*.21}{Die Jahre nach der Dunklen Zeit}{part.2}% 20
\BOOKMARK [1][-]{section*.22}{Der Neuanfang}{chapter*.21}% 21
\BOOKMARK [-1][-]{part.23}{II V\366lker}{}% 22
\BOOKMARK [0][-]{chapter*.24}{Kinder von Aurum Orbis}{part.23}% 23
\BOOKMARK [1][-]{section*.25}{Menschen}{chapter*.24}% 24
\BOOKMARK [2][-]{section*.26}{Menschliche Unterarten}{section*.25}% 25
\BOOKMARK [3][-]{section*.27}{Frostb\344rte}{section*.26}% 26
\BOOKMARK [3][-]{section*.28}{Mittell\344nder}{section*.26}% 27
\BOOKMARK [3][-]{section*.29}{Nebelheimer}{section*.26}% 28
\BOOKMARK [1][-]{section*.30}{Elfen}{chapter*.24}% 29
\BOOKMARK [2][-]{section*.31}{Spezifikationen}{section*.30}% 30
\BOOKMARK [2][-]{section*.32}{Kasten}{section*.30}% 31
\BOOKMARK [3][-]{section*.33}{Hain der Felsblumen}{section*.32}% 32
\BOOKMARK [3][-]{section*.34}{Herz der Felsen}{section*.32}% 33
\BOOKMARK [3][-]{section*.35}{Wissen des Stammes}{section*.32}% 34
\BOOKMARK [3][-]{section*.36}{Elfische Garde}{section*.32}% 35
\BOOKMARK [3][-]{section*.37}{Freunde in der Fremde}{section*.32}% 36
\BOOKMARK [3][-]{section*.38}{Drachenelfen}{section*.32}% 37
\BOOKMARK [1][-]{section*.39}{Dunkelelfen}{chapter*.24}% 38
\BOOKMARK [2][-]{section*.40}{Eigenschaften von Dunkelelfen}{section*.39}% 39
\BOOKMARK [1][-]{section*.41}{Mekka}{chapter*.24}% 40
\BOOKMARK [0][-]{chapter*.42}{Freunde aus der Gegenwelt}{part.23}% 41
\BOOKMARK [1][-]{section*.43}{Nephilim}{chapter*.42}% 42
\BOOKMARK [2][-]{section*.44}{Eigenschaften von Nephilim}{section*.43}% 43
\BOOKMARK [1][-]{section*.45}{Drakling}{chapter*.42}% 44
\BOOKMARK [2][-]{section*.46}{Eigenschaften von Draklingen}{section*.45}% 45
\BOOKMARK [1][-]{section*.47}{D\344mon}{chapter*.42}% 46
\BOOKMARK [2][-]{section*.48}{Unterformen von D\344monen}{section*.47}% 47
\BOOKMARK [2][-]{section*.49}{Gemeinsamkeiten}{section*.47}% 48
\BOOKMARK [1][-]{section*.50}{Lorkin}{chapter*.42}% 49
\BOOKMARK [2][-]{section*.51}{Eigenschaften von den Lorkin}{section*.50}% 50
\BOOKMARK [0][-]{chapter*.52}{Mutanten und Halbbl\374ter}{part.23}% 51
\BOOKMARK [1][-]{section*.53}{Halbd\344monen}{chapter*.52}% 52
\BOOKMARK [-1][-]{part.54}{III Geographie}{}% 53
\BOOKMARK [0][-]{chapter*.55}{\334bersicht}{part.54}% 54
\BOOKMARK [0][-]{chapter*.56}{Sechsstein}{part.54}% 55
\BOOKMARK [1][-]{section*.57}{Feuerlande}{chapter*.56}% 56
\BOOKMARK [1][-]{section*.58}{Verlorenes Land}{chapter*.56}% 57
\BOOKMARK [1][-]{section*.59}{Perlw\374ste}{chapter*.56}% 58
\BOOKMARK [2][-]{section*.60}{Ph\344nomene des Perlsandes}{section*.59}% 59
\BOOKMARK [2][-]{section*.61}{Die Monolithen}{section*.59}% 60
\BOOKMARK [1][-]{section*.62}{Sommerfeld}{chapter*.56}% 61
\BOOKMARK [2][-]{section*.63}{Goldene K\374ste}{section*.62}% 62
\BOOKMARK [3][-]{section*.64}{Baronie Lethe}{section*.63}% 63
\BOOKMARK [4][-]{section*.65}{Maa}{section*.64}% 64
\BOOKMARK [4][-]{section*.66}{Bofos}{section*.64}% 65
\BOOKMARK [4][-]{section*.67}{Burg H\366henstolz}{section*.64}% 66
\BOOKMARK [4][-]{section*.68}{Port Silberstreif}{section*.64}% 67
\BOOKMARK [3][-]{section*.69}{Baronie Rhone}{section*.63}% 68
\BOOKMARK [4][-]{section*.70}{Die Trasse}{section*.69}% 69
\BOOKMARK [4][-]{section*.71}{Groph}{section*.69}% 70
\BOOKMARK [4][-]{section*.72}{Corva}{section*.69}% 71
\BOOKMARK [3][-]{section*.73}{Baronie Hortens}{section*.63}% 72
\BOOKMARK [4][-]{section*.74}{Kaltweihe}{section*.73}% 73
\BOOKMARK [4][-]{section*.75}{Alt-Hortens}{section*.73}% 74
\BOOKMARK [5][-]{section*.76}{Varrentiefen}{section*.75}% 75
\BOOKMARK [4][-]{section*.77}{Ghuile}{section*.73}% 76
\BOOKMARK [2][-]{section*.78}{Hinterland}{section*.62}% 77
\BOOKMARK [3][-]{section*.79}{Freital}{section*.78}% 78
\BOOKMARK [4][-]{section*.80}{Carnes}{section*.79}% 79
\BOOKMARK [3][-]{section*.81}{Mondtal}{section*.78}% 80
\BOOKMARK [4][-]{section*.82}{\326llepo}{section*.81}% 81
\BOOKMARK [4][-]{section*.83}{Nimmermorgen}{section*.81}% 82
\BOOKMARK [4][-]{section*.84}{Sorn}{section*.81}% 83
\BOOKMARK [1][-]{section*.85}{Graue Marschen}{chapter*.56}% 84
\BOOKMARK [2][-]{section*.86}{Gefahren}{section*.85}% 85
\BOOKMARK [3][-]{section*.87}{Gasnebel}{section*.86}% 86
\BOOKMARK [3][-]{section*.88}{Wechselfurten}{section*.86}% 87
\BOOKMARK [2][-]{section*.89}{Der alte Pfad}{section*.85}% 88
\BOOKMARK [1][-]{section*.90}{Frostzahn}{chapter*.56}% 89
\BOOKMARK [2][-]{section*.91}{Tal Vinura}{section*.90}% 90
\BOOKMARK [2][-]{section*.92}{Tal Numidas}{section*.90}% 91
\BOOKMARK [2][-]{section*.93}{Trollheim}{section*.90}% 92
\BOOKMARK [3][-]{section*.94}{Festung Trollschild}{section*.93}% 93
\BOOKMARK [-1][-]{part.95}{IV Magie}{}% 94
\BOOKMARK [0][-]{chapter*.96}{Ursprung von Magie}{part.95}% 95
\BOOKMARK [0][-]{chapter*.97}{Mana}{part.95}% 96
\BOOKMARK [1][-]{section*.98}{Manablut}{chapter*.97}% 97
\BOOKMARK [1][-]{section*.99}{Manabrand}{chapter*.97}% 98
\BOOKMARK [0][-]{chapter*.100}{Anwendungen von Magie}{part.95}% 99
\BOOKMARK [0][-]{chapter*.101}{Interdikt der Drachen}{part.95}% 100
\BOOKMARK [0][-]{chapter*.102}{Magieschulen}{part.95}% 101
\BOOKMARK [1][-]{section*.103}{Arkane K\374nste}{chapter*.102}% 102
\BOOKMARK [1][-]{section*.104}{Alchemistische Ordnung}{chapter*.102}% 103
\BOOKMARK [2][-]{section*.105}{Grundlagen}{section*.104}% 104
\BOOKMARK [1][-]{section*.109}{Segen der f\374nf Elemente}{chapter*.102}% 105
\BOOKMARK [0][-]{chapter*.110}{Wahre Magieschulen}{part.95}% 106
\BOOKMARK [1][-]{section*.111}{Elfen und Drachen}{chapter*.110}% 107
\BOOKMARK [2][-]{section*.112}{Drachische Meisterschaften}{section*.111}% 108
\BOOKMARK [2][-]{section*.113}{Elfische Geheimnisse}{section*.111}% 109
\BOOKMARK [1][-]{section*.114}{M\366nche}{chapter*.110}% 110
\BOOKMARK [2][-]{section*.115}{K\344mpfer der Sieben Winde}{section*.114}% 111
\BOOKMARK [2][-]{section*.116}{Hand von Sonne und Mond}{section*.114}% 112
\BOOKMARK [2][-]{section*.117}{Seelenweber}{section*.114}% 113
\BOOKMARK [2][-]{section*.118}{Schattent\344nzer}{section*.114}% 114
\BOOKMARK [0][-]{chapter*.119}{Antimagie}{part.95}% 115
\BOOKMARK [0][-]{chapter*.120}{Anomalie}{part.95}% 116
\BOOKMARK [1][-]{section*.121}{\334bersicht der Anomalien}{chapter*.120}% 117
\BOOKMARK [2][-]{section*.122}{Das Arkeum}{section*.121}% 118
\BOOKMARK [2][-]{section*.123}{Die Erzseen}{section*.121}% 119
\BOOKMARK [2][-]{section*.124}{Das Weltherz}{section*.121}% 120
\BOOKMARK [-1][-]{part.125}{V G\366tter}{}% 121
\BOOKMARK [0][-]{chapter*.126}{Einf\374hrung}{part.125}% 122
\BOOKMARK [1][-]{section*.127}{\334ber die Natur der G\366tter}{chapter*.126}% 123
\BOOKMARK [1][-]{section*.128}{Begriffe}{chapter*.126}% 124
\BOOKMARK [1][-]{section*.129}{Rituale}{chapter*.126}% 125
\BOOKMARK [0][-]{chapter*.130}{Die Aspekte}{part.125}% 126
\BOOKMARK [1][-]{section*.131}{Ursprung}{chapter*.130}% 127
\BOOKMARK [2][-]{section*.132}{Niju, Herrin \374ber Land}{section*.131}% 128
\BOOKMARK [2][-]{section*.133}{Ak-Mol, H\374ter von Esse und Webstuhl}{section*.131}% 129
\BOOKMARK [1][-]{section*.134}{Aufbau der Aspekt-Kulte}{chapter*.130}% 130
\BOOKMARK [1][-]{section*.135}{Besonderheiten von Aspekten}{chapter*.130}% 131
\BOOKMARK [1][-]{section*.136}{\334bersicht \374ber die Aspekte}{chapter*.130}% 132
\BOOKMARK [2][-]{section*.137}{Aigis, der Schutzherr}{section*.136}% 133
\BOOKMARK [3][-]{section*.138}{Meditationen}{section*.137}% 134
\BOOKMARK [3][-]{section*.139}{Rituale}{section*.137}% 135
\BOOKMARK [3][-]{section*.140}{Gruppierungen und Kulte}{section*.137}% 136
\BOOKMARK [2][-]{section*.141}{Ixania, das Licht der Welt}{section*.136}% 137
\BOOKMARK [3][-]{section*.142}{Meditationen}{section*.141}% 138
\BOOKMARK [3][-]{section*.143}{Rituale}{section*.141}% 139
\BOOKMARK [3][-]{section*.144}{Zwielicht}{section*.141}% 140
\BOOKMARK [3][-]{section*.145}{Gruppen und Kulte}{section*.141}% 141
\BOOKMARK [2][-]{section*.146}{Tholem\344us, der Wissensozean}{section*.136}% 142
\BOOKMARK [3][-]{section*.147}{Meditationen}{section*.146}% 143
\BOOKMARK [3][-]{section*.148}{Rituale}{section*.146}% 144
\BOOKMARK [3][-]{section*.149}{Gruppen und Kulte}{section*.146}% 145
\BOOKMARK [2][-]{section*.150}{Haliya, die ewige Bl\374te}{section*.136}% 146
\BOOKMARK [3][-]{section*.151}{Meditationen}{section*.150}% 147
\BOOKMARK [3][-]{section*.152}{Gebote}{section*.150}% 148
\BOOKMARK [3][-]{section*.153}{Rituale}{section*.150}% 149
\BOOKMARK [2][-]{section*.154}{Umbra, der Gewitzte}{section*.136}% 150
\BOOKMARK [3][-]{section*.155}{Meditationen}{section*.154}% 151
\BOOKMARK [3][-]{section*.156}{Gebote}{section*.154}% 152
\BOOKMARK [3][-]{section*.157}{Rituale}{section*.154}% 153
\BOOKMARK [2][-]{section*.158}{Dinaris, die Umtriebige}{section*.136}% 154
\BOOKMARK [3][-]{section*.159}{Meditationen}{section*.158}% 155
\BOOKMARK [0][-]{chapter*.160}{Pantheon der Gegenwelt}{part.125}% 156
\BOOKMARK [1][-]{section*.161}{Einf\374hrung}{chapter*.160}% 157
\BOOKMARK [1][-]{section*.162}{Wirken au\337erhalb der Gegenwelt}{chapter*.160}% 158
\BOOKMARK [1][-]{section*.163}{\334bersicht \374ber die G\366tter}{chapter*.160}% 159
\BOOKMARK [2][-]{section*.164}{Schicksal}{section*.163}% 160
\BOOKMARK [2][-]{section*.165}{Umos, W\344chter des Morgens}{section*.163}% 161
\BOOKMARK [3][-]{section*.166}{Falkenorden}{section*.165}% 162
\BOOKMARK [2][-]{section*.167}{Eron, der Gerechte}{section*.163}% 163
\BOOKMARK [3][-]{section*.168}{Eron Verehrung}{section*.167}% 164
\BOOKMARK [4][-]{section*.169}{Rituale}{section*.168}% 165
\BOOKMARK [2][-]{section*.170}{Askon, der Gefallene Gott}{section*.163}% 166
\BOOKMARK [3][-]{section*.171}{Askon Verehrung}{section*.170}% 167
\BOOKMARK [4][-]{section*.172}{Meditationen}{section*.171}% 168
\BOOKMARK [2][-]{section*.173}{Charon, der F\344hrmann}{section*.163}% 169
\BOOKMARK [3][-]{section*.174}{Nekromantie}{section*.173}% 170
\BOOKMARK [4][-]{section*.175}{Rituale}{section*.174}% 171
\BOOKMARK [5][-]{section*.176}{Nekropole}{section*.175}% 172
\BOOKMARK [2][-]{section*.177}{Die Lady des Nichts}{section*.163}% 173
\BOOKMARK [3][-]{section*.178}{Weihen}{section*.177}% 174
\BOOKMARK [3][-]{section*.179}{Rituale und Gaben}{section*.177}% 175
\BOOKMARK [3][-]{section*.180}{Der Palast der Leere}{section*.177}% 176
\BOOKMARK [2][-]{section*.181}{Valery, die Prophetin des Chaos}{section*.163}% 177
\BOOKMARK [-1][-]{part.182}{VI Kreaturen}{}% 178
\BOOKMARK [0][-]{chapter*.183}{Flora und Fauna von Aurum Orbis}{part.182}% 179
\BOOKMARK [0][-]{chapter*.184}{Magische Monster}{part.182}% 180
\BOOKMARK [0][-]{chapter*.185}{Plagen aus der Gegenwelt}{part.182}% 181
\BOOKMARK [0][-]{chapter*.186}{Sch\366pfungen fremder G\366tter}{part.182}% 182
\BOOKMARK [0][-]{section*.187}{Kreaturenindex}{part.182}% 183
\BOOKMARK [-1][-]{part.189}{VII Technologie}{}% 184
\BOOKMARK [-1][-]{part.190}{VIII Professionen\046Spezialisierungen}{}% 185
\BOOKMARK [0][-]{chapter*.191}{Einf\374hrung}{part.190}% 186
\BOOKMARK [0][-]{chapter*.192}{Offene Professionen}{part.190}% 187
\BOOKMARK [1][-]{section*.193}{Alchemist}{chapter*.192}% 188
\BOOKMARK [2][-]{section*.194}{Fertigkeiten}{section*.193}% 189
\BOOKMARK [2][-]{section*.195}{Stufen}{section*.193}% 190
\BOOKMARK [1][-]{section*.196}{Weltenbummler}{chapter*.192}% 191
\BOOKMARK [2][-]{section*.197}{Anforderungen}{section*.196}% 192
\BOOKMARK [2][-]{section*.198}{Fertigkeiten}{section*.196}% 193
\BOOKMARK [1][-]{section*.199}{Bauer}{chapter*.192}% 194
\BOOKMARK [1][-]{section*.200}{Fischer}{chapter*.192}% 195
\BOOKMARK [1][-]{section*.201}{Bote}{chapter*.192}% 196
\BOOKMARK [1][-]{section*.202}{Matrose}{chapter*.192}% 197
\BOOKMARK [2][-]{section*.203}{Stufen}{section*.202}% 198
\BOOKMARK [1][-]{section*.204}{Luftpirat}{chapter*.192}% 199
\BOOKMARK [2][-]{section*.205}{Fertigkeiten}{section*.204}% 200
\BOOKMARK [1][-]{section*.206}{Mechaniker}{chapter*.192}% 201
\BOOKMARK [1][-]{section*.207}{Arzt}{chapter*.192}% 202
\BOOKMARK [1][-]{section*.208}{Soldat}{chapter*.192}% 203
\BOOKMARK [2][-]{section*.209}{Fertigkeiten}{section*.208}% 204
\BOOKMARK [2][-]{section*.210}{Stufen}{section*.208}% 205
\BOOKMARK [1][-]{section*.211}{Barde}{chapter*.192}% 206
\BOOKMARK [2][-]{section*.212}{Stufen}{section*.211}% 207
\BOOKMARK [1][-]{section*.213}{Gladiator}{chapter*.192}% 208
\BOOKMARK [1][-]{section*.214}{Knecht/Magd}{chapter*.192}% 209
\BOOKMARK [1][-]{section*.215}{Gaukler}{chapter*.192}% 210
\BOOKMARK [2][-]{section*.216}{Stufen}{section*.215}% 211
\BOOKMARK [1][-]{section*.217}{Trickbetr\374ger}{chapter*.192}% 212
\BOOKMARK [1][-]{section*.218}{F\344lscher}{chapter*.192}% 213
\BOOKMARK [1][-]{section*.219}{Gelehrter}{chapter*.192}% 214
\BOOKMARK [1][-]{section*.220}{Priester}{chapter*.192}% 215
\BOOKMARK [1][-]{section*.221}{Koch}{chapter*.192}% 216
\BOOKMARK [1][-]{section*.222}{Faustk\344mpfer}{chapter*.192}% 217
\BOOKMARK [2][-]{section*.223}{Fertigkeiten}{section*.222}% 218
\BOOKMARK [2][-]{section*.224}{Stufen}{section*.222}% 219
\BOOKMARK [1][-]{section*.225}{J\344ger}{chapter*.192}% 220
\BOOKMARK [2][-]{section*.226}{Voraussetzungen}{section*.225}% 221
\BOOKMARK [2][-]{section*.227}{Fertigkeiten}{section*.225}% 222
\BOOKMARK [2][-]{section*.228}{Stufen}{section*.225}% 223
\BOOKMARK [1][-]{section*.229}{S\366ldner}{chapter*.192}% 224
\BOOKMARK [2][-]{section*.230}{Voraussetzung}{section*.229}% 225
\BOOKMARK [2][-]{section*.231}{Fertigkeiten}{section*.229}% 226
\BOOKMARK [2][-]{section*.232}{Stufen}{section*.229}% 227
\BOOKMARK [1][-]{section*.233}{Gauner}{chapter*.192}% 228
\BOOKMARK [2][-]{section*.234}{Voraussetzungen}{section*.233}% 229
\BOOKMARK [2][-]{section*.235}{Fertigkeiten}{section*.233}% 230
\BOOKMARK [2][-]{section*.236}{Stufen}{section*.233}% 231
\BOOKMARK [1][-]{section*.237}{Schurke}{chapter*.192}% 232
\BOOKMARK [2][-]{section*.238}{Voraussetzungen}{section*.237}% 233
\BOOKMARK [2][-]{section*.239}{Fertigkeiten}{section*.237}% 234
\BOOKMARK [2][-]{section*.240}{Stufen}{section*.237}% 235
\BOOKMARK [0][-]{chapter*.241}{Geschlossene Professionen}{part.190}% 236
\BOOKMARK [1][-]{section*.242}{dunkelelfischer Krieger}{chapter*.241}% 237
\BOOKMARK [1][-]{section*.243}{Freunde in der Fremde}{chapter*.241}% 238
\BOOKMARK [2][-]{section*.244}{Fertigkeiten}{section*.243}% 239
\BOOKMARK [0][-]{chapter*.245}{Weiterentwickelte Professionen}{part.190}% 240
\BOOKMARK [1][-]{section*.246}{Besitenj\344ger}{chapter*.245}% 241
\BOOKMARK [2][-]{section*.247}{Voraussetzungen}{section*.246}% 242
\BOOKMARK [2][-]{section*.248}{Fertigkeiten}{section*.246}% 243
\BOOKMARK [2][-]{section*.249}{Stufen}{section*.246}% 244
\BOOKMARK [1][-]{section*.250}{Kopfgeldj\344ger}{chapter*.245}% 245
\BOOKMARK [1][-]{section*.251}{Einbrecher}{chapter*.245}% 246
\BOOKMARK [1][-]{section*.252}{Attent\344ter}{chapter*.245}% 247
\BOOKMARK [-1][-]{part.253}{IX Zu Sortierendes}{}% 248
\BOOKMARK [0][-]{chapter*.254}{Tal des Zwielichts}{part.253}% 249
\BOOKMARK [0][-]{chapter*.255}{Erze\046Metalle}{part.253}% 250
\BOOKMARK [1][-]{section*.256}{Mundane Erze}{chapter*.255}% 251
\BOOKMARK [1][-]{section*.257}{G\366ttliche Erze}{chapter*.255}% 252
\BOOKMARK [1][-]{section*.258}{Metalle}{chapter*.255}% 253
\BOOKMARK [0][-]{chapter*.259}{Ma\337e und Einheiten}{part.253}% 254
\BOOKMARK [0][-]{chapter*.260}{Ring der Tr\344nen}{part.253}% 255
\BOOKMARK [0][-]{chapter*.261}{Hexen}{part.253}% 256
\BOOKMARK [1][-]{section*.262}{Kesselhexen}{chapter*.261}% 257
\BOOKMARK [1][-]{section*.263}{Ritualhexen}{chapter*.261}% 258
\BOOKMARK [0][-]{chapter*.264}{D\344umling\(TO be removed?\)}{part.253}% 259
\BOOKMARK [0][-]{chapter*.265}{Anomalien des Manas}{part.253}% 260
\BOOKMARK [1][-]{section*.266}{Drittes Auge}{chapter*.265}% 261
\BOOKMARK [1][-]{section*.267}{Blaues Fieber}{chapter*.265}% 262
\BOOKMARK [1][-]{section*.268}{Freies Blut}{chapter*.265}% 263
\BOOKMARK [0][-]{chapter*.269}{Nirgendwo}{part.253}% 264
\BOOKMARK [1][-]{section*.270}{Spaltl\344ufer}{chapter*.269}% 265
\BOOKMARK [2][-]{section*.271}{Schamanen}{section*.270}% 266
\BOOKMARK [2][-]{section*.272}{Magierj\344ger?}{section*.270}% 267
\BOOKMARK [2][-]{section*.273}{Ber\374hrte}{section*.270}% 268
\BOOKMARK [2][-]{section*.274}{Spaltung der Spaltl\344ufer}{section*.270}% 269
\BOOKMARK [1][-]{section*.275}{Verlorene}{chapter*.269}% 270
\BOOKMARK [1][-]{section*.276}{Trinit\344t des B\366sen}{chapter*.269}% 271
\BOOKMARK [0][-]{chapter*.277}{Untergr\374ndige}{part.253}% 272
\BOOKMARK [0][-]{chapter*.278}{Magische Textur}{part.253}% 273
\BOOKMARK [-1][-]{section*.279}{Stichwortverzeichnis}{}% 274
\BOOKMARK [-1][-]{section*.281}{Geographieglossar}{}% 275
