\BOOKMARK [-1][-]{part.3}{I Grundlagen}{}% 1
\BOOKMARK [0][-]{chapter.4}{Ein paar Abk\374rzugen}{part.3}% 2
\BOOKMARK [0][-]{chapter.5}{Strukturierung der Welt}{part.3}% 3
\BOOKMARK [0][-]{chapter.6}{Komplexit\344ts-Klassen}{part.3}% 4
\BOOKMARK [1][-]{section.7}{Einstufungen von Proben}{chapter.6}% 5
\BOOKMARK [1][-]{section.8}{Mathematik zu Schranken f\374r Spielerfortschritt}{chapter.6}% 6
\BOOKMARK [0][-]{chapter.9}{Proben}{part.3}% 7
\BOOKMARK [1][-]{section.10}{\334bersicht}{chapter.9}% 8
\BOOKMARK [1][-]{section.11}{Arten von Proben}{chapter.9}% 9
\BOOKMARK [1][-]{section.12}{Besonderheiten}{chapter.9}% 10
\BOOKMARK [0][-]{chapter.13}{Sagenpunkte}{part.3}% 11
\BOOKMARK [1][-]{section.14}{Verdienstm\366glichkeiten}{chapter.13}% 12
\BOOKMARK [1][-]{section.15}{Ausgabem\366glichkeiten}{chapter.13}% 13
\BOOKMARK [1][-]{section.16}{Anmerkungen}{chapter.13}% 14
\BOOKMARK [0][-]{chapter.17}{Erfahrungspunkte}{part.3}% 15
\BOOKMARK [-1][-]{part.18}{II Kreaturen}{}% 16
\BOOKMARK [0][-]{chapter.19}{\334bersicht}{part.18}% 17
\BOOKMARK [0][-]{chapter.20}{Attribute}{part.18}% 18
\BOOKMARK [0][-]{chapter.21}{Steigern und Fortschritt}{part.18}% 19
\BOOKMARK [0][-]{chapter.22}{Sekund\344re Attribute}{part.18}% 20
\BOOKMARK [0][-]{chapter.23}{Fertigkeiten}{part.18}% 21
\BOOKMARK [1][-]{section.24}{Einf\374hrung}{chapter.23}% 22
\BOOKMARK [1][-]{section.25}{Erfahrung \046 Steigern}{chapter.23}% 23
\BOOKMARK [1][-]{section.26}{Probe}{chapter.23}% 24
\BOOKMARK [1][-]{section.27}{Charisma und Aussehen}{chapter.23}% 25
\BOOKMARK [0][-]{chapter.28}{Effekte}{part.18}% 26
\BOOKMARK [1][-]{section.29}{passive Eigenschaften}{chapter.28}% 27
\BOOKMARK [2][-]{subsection.30}{Modification}{section.29}% 28
\BOOKMARK [2][-]{subsection.31}{Block}{section.29}% 29
\BOOKMARK [2][-]{subsection.32}{Counter}{section.29}% 30
\BOOKMARK [-1][-]{part.33}{III Erg\344nzung f\374r Charaktere}{}% 31
\BOOKMARK [0][-]{chapter.34}{Spezialisierungen/Professionen}{part.33}% 32
\BOOKMARK [1][-]{section.35}{Aufbau einer Profession/Spezialisierung}{chapter.34}% 33
\BOOKMARK [0][-]{chapter.36}{Merkmale}{part.33}% 34
\BOOKMARK [1][-]{section.37}{Einf\374hrung}{chapter.36}% 35
\BOOKMARK [1][-]{section.38}{Alternativregeln}{chapter.36}% 36
\BOOKMARK [1][-]{section.39}{Generelle Merkmale}{chapter.36}% 37
\BOOKMARK [2][-]{subsection.40}{Vorteile}{section.39}% 38
\BOOKMARK [2][-]{subsection.41}{Nachteile}{section.39}% 39
\BOOKMARK [2][-]{subsection.42}{Neutrale}{section.39}% 40
\BOOKMARK [0][-]{chapter.43}{Gesundheit und Schwere Wunden}{part.33}% 41
\BOOKMARK [0][-]{chapter.44}{Kondition und Ersch\366pfung}{part.33}% 42
\BOOKMARK [-1][-]{part.45}{IV Ausr\374stung \046 anderen Gegenst\344nden}{}% 43
\BOOKMARK [0][-]{chapter.46}{Waffen}{part.45}% 44
\BOOKMARK [1][-]{section.47}{Nahkampfwaffen}{chapter.46}% 45
\BOOKMARK [1][-]{section.48}{Fernkampfwaffen}{chapter.46}% 46
\BOOKMARK [0][-]{chapter.49}{R\374stungen}{part.45}% 47
\BOOKMARK [-1][-]{part.50}{V Herstellung von Objekten}{}% 48
\BOOKMARK [0][-]{chapter.51}{Grundlagen}{part.50}% 49
\BOOKMARK [0][-]{chapter.52}{Rezepte}{part.50}% 50
\BOOKMARK [1][-]{section.53}{Slot}{chapter.52}% 51
\BOOKMARK [1][-]{section.54}{Endqualit\344t \046 Wertigkeit}{chapter.52}% 52
\BOOKMARK [-1][-]{part.55}{VI Kampf}{}% 53
\BOOKMARK [0][-]{chapter.56}{Ablauf}{part.55}% 54
\BOOKMARK [0][-]{chapter.57}{Aktionen}{part.55}% 55
\BOOKMARK [0][-]{chapter.58}{Ohne PAI}{part.55}% 56
\BOOKMARK [0][-]{chapter.59}{Ung\374ltige Aktionen und Plan\344nderungen}{part.55}% 57
\BOOKMARK [0][-]{chapter.60}{Zus\344tzliche Regeln}{part.55}% 58
\BOOKMARK [-1][-]{part.61}{VII Meister \046 Hintergr\374nde}{}% 59
\BOOKMARK [-1][-]{part.62}{VIII Zus\344tzliche Regeln}{}% 60
\BOOKMARK [-1][-]{part.64}{IX Sortierendes}{}% 61
\BOOKMARK [0][-]{chapter.65}{Ausdauerkosten}{part.64}% 62
\BOOKMARK [0][-]{chapter.66}{Erstellung}{part.64}% 63
\BOOKMARK [0][-]{chapter.67}{Sagenpunkt Anwendungen}{part.64}% 64
