\BOOKMARK [-1][-]{part.2}{I Alchemistische Ordnung}{}% 1
\BOOKMARK [0][-]{chapter*.3}{Sternenkarte}{part.2}% 2
\BOOKMARK [1][-]{section*.4}{Extraktor}{chapter*.3}% 3
\BOOKMARK [1][-]{section*.5}{Essenzknacker}{chapter*.3}% 4
\BOOKMARK [0][-]{chapter*.6}{Essenztypen}{part.2}% 5
\BOOKMARK [1][-]{section*.7}{Elementare}{chapter*.6}% 6
\BOOKMARK [1][-]{section*.8}{Familienessenz}{chapter*.6}% 7
\BOOKMARK [-1][-]{part.9}{II Komponenten-Index}{}% 8
\BOOKMARK [0][-]{chapter*.10}{Pflanzen}{part.9}% 9
\BOOKMARK [1][-]{section*.11}{Glaziale}{chapter*.10}% 10
\BOOKMARK [0][-]{chapter*.12}{Minerale}{part.9}% 11
\BOOKMARK [0][-]{chapter*.13}{Luft und Gas}{part.9}% 12
\BOOKMARK [0][-]{chapter*.14}{Fleischliches}{part.9}% 13
\BOOKMARK [1][-]{section*.15}{Blut}{chapter*.14}% 14
\BOOKMARK [0][-]{chapter*.16}{Rituelles}{part.9}% 15
\BOOKMARK [1][-]{section*.17}{Morgentau}{chapter*.16}% 16
\BOOKMARK [-1][-]{part.18}{III Rezepte}{}% 17
\BOOKMARK [0][-]{chapter*.19}{Essenzen}{part.18}% 18
\BOOKMARK [0][-]{chapter*.20}{Endprodukte}{part.18}% 19
\BOOKMARK [1][-]{section*.21}{Lichttalisman}{chapter*.20}% 20
