\BOOKMARK [-1][-]{part.2}{I Geschichte}{}% 1
\BOOKMARK [0][-]{chapter*.3}{Die Dunkle Zeit}{part.2}% 2
\BOOKMARK [1][-]{section*.4}{Die Weltbauer}{chapter*.3}% 3
\BOOKMARK [1][-]{section*.5}{Der gro\337e Streit}{chapter*.3}% 4
\BOOKMARK [1][-]{section*.6}{Neue G\366tter}{chapter*.3}% 5
\BOOKMARK [1][-]{section*.7}{Die G\366tterkriege}{chapter*.3}% 6
\BOOKMARK [2][-]{section*.8}{Der Aufstieg der Elfen}{section*.7}% 7
\BOOKMARK [2][-]{section*.9}{W\344hrenddessen bei den anderen V\366lkern}{section*.7}% 8
\BOOKMARK [1][-]{section*.10}{Die ersten Manakriege}{chapter*.3}% 9
\BOOKMARK [1][-]{section*.11}{Die Gegenwelt}{chapter*.3}% 10
\BOOKMARK [2][-]{section*.12}{Vorgeschichte}{section*.11}% 11
\BOOKMARK [2][-]{section*.13}{Die Ankunft des Pantheon in der Gegenwelt}{section*.11}% 12
\BOOKMARK [2][-]{section*.14}{Erster Kontakt}{section*.11}% 13
\BOOKMARK [2][-]{section*.15}{Der Erste Gegenweltkriege}{section*.11}% 14
\BOOKMARK [2][-]{section*.16}{Der Fall der gro\337en Barriere}{section*.11}% 15
\BOOKMARK [2][-]{section*.17}{Der Zweite Gegenweltkrieg}{section*.11}% 16
\BOOKMARK [0][-]{chapter*.18}{Die Jahre nach der Dunklen Zeit}{part.2}% 17
\BOOKMARK [1][-]{section*.19}{Der Neuanfang}{chapter*.18}% 18
\BOOKMARK [-1][-]{part.20}{II V\366lker}{}% 19
\BOOKMARK [0][-]{chapter*.21}{Kinder von Aurum Orbis}{part.20}% 20
\BOOKMARK [1][-]{section*.22}{Menschen}{chapter*.21}% 21
\BOOKMARK [1][-]{section*.23}{Elfen}{chapter*.21}% 22
\BOOKMARK [2][-]{section*.24}{Spezifikationen}{section*.23}% 23
\BOOKMARK [2][-]{section*.25}{Kasten}{section*.23}% 24
\BOOKMARK [3][-]{section*.26}{Hain der Felsblumen}{section*.25}% 25
\BOOKMARK [3][-]{section*.27}{Herz der Felsen}{section*.25}% 26
\BOOKMARK [3][-]{section*.28}{Wissen des Stammes}{section*.25}% 27
\BOOKMARK [3][-]{section*.29}{Elfische Garde}{section*.25}% 28
\BOOKMARK [3][-]{section*.30}{Freunde in der Fremde}{section*.25}% 29
\BOOKMARK [3][-]{section*.31}{Drachenelfen}{section*.25}% 30
\BOOKMARK [1][-]{section*.32}{Dunkelelfen}{chapter*.21}% 31
\BOOKMARK [2][-]{section*.33}{Eigenschaften von Dunkelelfen}{section*.32}% 32
\BOOKMARK [0][-]{chapter*.34}{Freunde aus der Gegenwelt}{part.20}% 33
\BOOKMARK [1][-]{section*.35}{Nephilim}{chapter*.34}% 34
\BOOKMARK [2][-]{section*.36}{Eigenschaften von Nephilim}{section*.35}% 35
\BOOKMARK [-1][-]{part.37}{III Geographie}{}% 36
\BOOKMARK [-1][-]{part.38}{IV Magie}{}% 37
\BOOKMARK [0][-]{chapter*.39}{Ursprung von Magie}{part.38}% 38
\BOOKMARK [0][-]{chapter*.40}{Mana}{part.38}% 39
\BOOKMARK [0][-]{chapter*.41}{Anwendungen von Magie}{part.38}% 40
\BOOKMARK [0][-]{chapter*.42}{Magieanwender}{part.38}% 41
\BOOKMARK [1][-]{section*.43}{Kategorien von Magieanwendern}{chapter*.42}% 42
\BOOKMARK [2][-]{section*.44}{Intuitive}{section*.43}% 43
\BOOKMARK [2][-]{section*.45}{Ritualisiten}{section*.43}% 44
\BOOKMARK [2][-]{section*.46}{Gelehrte}{section*.43}% 45
\BOOKMARK [1][-]{section*.47}{Manablut}{chapter*.42}% 46
\BOOKMARK [1][-]{section*.48}{Manabrand}{chapter*.42}% 47
\BOOKMARK [0][-]{chapter*.49}{Antimagie}{part.38}% 48
\BOOKMARK [0][-]{chapter*.50}{Anomalie}{part.38}% 49
\BOOKMARK [1][-]{section*.51}{\334bersicht der Anomalien}{chapter*.50}% 50
\BOOKMARK [2][-]{section*.52}{Das Arkeum}{section*.51}% 51
\BOOKMARK [2][-]{section*.53}{Die Erzseen}{section*.51}% 52
\BOOKMARK [2][-]{section*.54}{Das Weltherz}{section*.51}% 53
\BOOKMARK [-1][-]{part.55}{V G\366tter}{}% 54
\BOOKMARK [0][-]{chapter*.56}{Einf\374hrung}{part.55}% 55
\BOOKMARK [1][-]{section*.57}{Begriffe}{chapter*.56}% 56
\BOOKMARK [0][-]{chapter*.58}{Die Aspekte}{part.55}% 57
\BOOKMARK [1][-]{section*.59}{Ursprung}{chapter*.58}% 58
\BOOKMARK [2][-]{section*.60}{Niju, Herrin \374ber Land}{section*.59}% 59
\BOOKMARK [2][-]{section*.61}{Ak-Mol, H\374ter von Esse und Webstuhl}{section*.59}% 60
\BOOKMARK [1][-]{section*.62}{Aufbau der Aspekt-Kulte}{chapter*.58}% 61
\BOOKMARK [1][-]{section*.63}{\334bersicht \374ber die Aspekte}{chapter*.58}% 62
\BOOKMARK [2][-]{section*.64}{Aigis, der Schutzherr}{section*.63}% 63
\BOOKMARK [3][-]{section*.65}{Weihen}{section*.64}% 64
\BOOKMARK [3][-]{section*.66}{Rituale}{section*.64}% 65
\BOOKMARK [3][-]{section*.67}{Gruppierungen und Kulte}{section*.64}% 66
\BOOKMARK [2][-]{section*.68}{Ixania, das Licht der Welt}{section*.63}% 67
\BOOKMARK [3][-]{section*.69}{Weihen}{section*.68}% 68
\BOOKMARK [3][-]{section*.70}{Zwielicht}{section*.68}% 69
\BOOKMARK [2][-]{section*.71}{Tholem\344us, der Wissensozean}{section*.63}% 70
\BOOKMARK [3][-]{section*.72}{Weihen}{section*.71}% 71
\BOOKMARK [3][-]{section*.73}{Rituale und Gaben}{section*.71}% 72
\BOOKMARK [3][-]{section*.74}{Gruppen und Kulte}{section*.71}% 73
\BOOKMARK [0][-]{chapter*.75}{Pantheon der Gegenwelt}{part.55}% 74
\BOOKMARK [1][-]{section*.76}{Einf\374hrung}{chapter*.75}% 75
\BOOKMARK [1][-]{section*.77}{Wirken au\337erhalb der Gegenwelt}{chapter*.75}% 76
\BOOKMARK [1][-]{section*.78}{\334bersicht \374ber die G\366tter}{chapter*.75}% 77
\BOOKMARK [2][-]{section*.79}{Eron, der Gerechte}{section*.78}% 78
\BOOKMARK [3][-]{section*.80}{Eron Verehrung}{section*.79}% 79
\BOOKMARK [4][-]{section*.81}{Gaben \046 Rituale}{section*.80}% 80
\BOOKMARK [2][-]{section*.82}{Askon, der Gefallene Gott}{section*.78}% 81
\BOOKMARK [3][-]{section*.83}{Askon Verehrung}{section*.82}% 82
\BOOKMARK [4][-]{section*.84}{Weihen}{section*.83}% 83
\BOOKMARK [2][-]{section*.85}{Charon, der F\344hrmann}{section*.78}% 84
\BOOKMARK [3][-]{section*.86}{Nekromantie}{section*.85}% 85
\BOOKMARK [4][-]{section*.87}{Rituale}{section*.86}% 86
\BOOKMARK [5][-]{section*.88}{Nekropole}{section*.87}% 87
\BOOKMARK [2][-]{section*.89}{Die Lady des Nichts}{section*.78}% 88
\BOOKMARK [3][-]{section*.90}{Weihen}{section*.89}% 89
\BOOKMARK [3][-]{section*.91}{Rituale und Gaben}{section*.89}% 90
\BOOKMARK [3][-]{section*.92}{Der Palast der Leere}{section*.89}% 91
\BOOKMARK [-1][-]{part.93}{VI Kreaturen}{}% 92
\BOOKMARK [0][-]{chapter*.94}{Flora und Fauna von Aurum Orbis}{part.93}% 93
\BOOKMARK [0][-]{chapter*.95}{Magische Monster}{part.93}% 94
\BOOKMARK [0][-]{chapter*.96}{Plagen aus der Gegenwelt}{part.93}% 95
\BOOKMARK [0][-]{chapter*.97}{Sch\366pfungen fremder G\366tter}{part.93}% 96
\BOOKMARK [0][-]{section*.98}{Kreaturenindex}{part.93}% 97
\BOOKMARK [-1][-]{part.100}{VII Technologie}{}% 98
\BOOKMARK [-1][-]{part.101}{VIII Professionen\046Spezialisierungen}{}% 99
\BOOKMARK [0][-]{chapter*.102}{Einf\374hrung}{part.101}% 100
\BOOKMARK [0][-]{chapter*.103}{Offene Professionen}{part.101}% 101
\BOOKMARK [1][-]{section*.104}{J\344ger}{chapter*.103}% 102
\BOOKMARK [2][-]{section*.105}{Voraussetzungen}{section*.104}% 103
\BOOKMARK [2][-]{section*.106}{Fertigkeiten}{section*.104}% 104
\BOOKMARK [2][-]{section*.107}{Stufen}{section*.104}% 105
\BOOKMARK [1][-]{section*.108}{S\366ldner}{chapter*.103}% 106
\BOOKMARK [2][-]{section*.109}{Voraussetzung}{section*.108}% 107
\BOOKMARK [2][-]{section*.110}{Fertigkeiten}{section*.108}% 108
\BOOKMARK [2][-]{section*.111}{Stufen}{section*.108}% 109
\BOOKMARK [1][-]{section*.112}{Priester}{chapter*.103}% 110
\BOOKMARK [2][-]{section*.113}{Voraussetzungen}{section*.112}% 111
\BOOKMARK [2][-]{section*.114}{Fertigkeiten}{section*.112}% 112
\BOOKMARK [2][-]{section*.115}{Stufen}{section*.112}% 113
\BOOKMARK [1][-]{section*.116}{Gauner}{chapter*.103}% 114
\BOOKMARK [-1][-]{part.117}{IX Zu Sortierendes}{}% 115
\BOOKMARK [0][-]{chapter*.118}{Tal des Zwielichts}{part.117}% 116
\BOOKMARK [-1][-]{section*.119}{Stichwortverzeichnis}{}% 117
\BOOKMARK [-1][-]{section*.121}{Geographieglossar}{}% 118
