\BOOKMARK [-1][-]{part.3}{I Grundlagen}{}% 1
\BOOKMARK [0][-]{chapter.4}{Ein paar Abk\374rzugen}{part.3}% 2
\BOOKMARK [0][-]{chapter.5}{Strukturierung der Welt}{part.3}% 3
\BOOKMARK [0][-]{chapter.6}{Komplexit\344ts-Klassen}{part.3}% 4
\BOOKMARK [1][-]{section.7}{Einstufungen von Proben}{chapter.6}% 5
\BOOKMARK [1][-]{section.8}{Mathematik zu Schranken f\374r Spielerfortschritt}{chapter.6}% 6
\BOOKMARK [0][-]{chapter.9}{Proben}{part.3}% 7
\BOOKMARK [1][-]{section.10}{\334bersicht}{chapter.9}% 8
\BOOKMARK [1][-]{section.11}{Arten von Proben}{chapter.9}% 9
\BOOKMARK [1][-]{section.12}{Besonderheiten}{chapter.9}% 10
\BOOKMARK [0][-]{chapter.13}{Sagenpunkte}{part.3}% 11
\BOOKMARK [1][-]{section.14}{Verdienstm\366glichkeiten}{chapter.13}% 12
\BOOKMARK [1][-]{section.15}{Ausgabem\366glichkeiten}{chapter.13}% 13
\BOOKMARK [1][-]{section.16}{Anmerkungen}{chapter.13}% 14
\BOOKMARK [0][-]{chapter.17}{Erfahrungspunkte}{part.3}% 15
\BOOKMARK [-1][-]{part.18}{II Kreaturen}{}% 16
\BOOKMARK [0][-]{chapter.19}{\334bersicht}{part.18}% 17
\BOOKMARK [0][-]{chapter.20}{Attribute}{part.18}% 18
\BOOKMARK [0][-]{chapter.21}{Steigern und Fortschritt}{part.18}% 19
\BOOKMARK [0][-]{chapter.22}{Sekund\344re Attribute}{part.18}% 20
\BOOKMARK [0][-]{chapter.23}{Fertigkeiten}{part.18}% 21
\BOOKMARK [1][-]{section.24}{Einf\374hrung}{chapter.23}% 22
\BOOKMARK [1][-]{section.25}{Erfahrung \046 Steigern}{chapter.23}% 23
\BOOKMARK [1][-]{section.26}{\334bersicht von Fertigkeiten}{chapter.23}% 24
\BOOKMARK [2][-]{subsection.27}{Waffen}{section.26}% 25
\BOOKMARK [2][-]{subsection.28}{Soziales}{section.26}% 26
\BOOKMARK [2][-]{subsection.29}{Handwerk}{section.26}% 27
\BOOKMARK [2][-]{subsection.30}{Wissen}{section.26}% 28
\BOOKMARK [2][-]{subsection.31}{Sonstige}{section.26}% 29
\BOOKMARK [0][-]{chapter.32}{Effekte}{part.18}% 30
\BOOKMARK [-1][-]{part.33}{III Erg\344nzung f\374r Charaktere}{}% 31
\BOOKMARK [0][-]{chapter.34}{Spezialisierungen/Professionen}{part.33}% 32
\BOOKMARK [1][-]{section.35}{Aufbau einer Profession/Spezialisierung}{chapter.34}% 33
\BOOKMARK [0][-]{chapter.36}{Gesundheit und Schwere Wunden}{part.33}% 34
\BOOKMARK [0][-]{chapter.37}{Kondition und Ersch\366pfung}{part.33}% 35
\BOOKMARK [-1][-]{part.38}{IV Ausr\374stung \046 anderen Gegenst\344nden}{}% 36
\BOOKMARK [-1][-]{part.39}{V Herstellung von Objekten}{}% 37
\BOOKMARK [-1][-]{part.40}{VI Kampf}{}% 38
\BOOKMARK [0][-]{chapter.41}{Ablauf}{part.40}% 39
\BOOKMARK [0][-]{chapter.42}{Aktionen}{part.40}% 40
\BOOKMARK [0][-]{chapter.43}{Ohne PAI}{part.40}% 41
\BOOKMARK [0][-]{chapter.44}{Ung\374ltige Aktionen und Plan\344nderungen}{part.40}% 42
\BOOKMARK [0][-]{chapter.45}{Zus\344tzliche Regeln}{part.40}% 43
\BOOKMARK [-1][-]{part.46}{VII Magie}{}% 44
\BOOKMARK [-1][-]{part.47}{VIII Geweihte}{}% 45
\BOOKMARK [-1][-]{part.48}{IX Meister \046 Hintergr\374nde}{}% 46
\BOOKMARK [-1][-]{part.49}{X Zus\344tzliche Regeln}{}% 47
